<?xml version="1.0" encoding="utf-8"?><testsuites name="pytest tests"><testsuite name="pytest" errors="0" failures="0" skipped="0" tests="10" time="0.610" timestamp="2026-09-11T05:18:24.522934+00:00" hostname="agent-env-9d1bac6d-dac9-44fe-8bf5-d2aca234f7b7"><testcase classname="tests.test_discord_oauth.TestDiscordCallback" name="test_callback_bad_state_redirects_to_fail" time="0.046" /><testcase classname="tests.test_discord_oauth.TestDiscordAuthGuards" name="test_discord_me_without_cookie_returns_401" time="0.044" /><testcase classname="tests.test_discord_oauth.TestDiscordAuthGuards" name="test_quiz_submit_without_cookie_returns_401_arabic" time="0.023" /><testcase classname="tests.test_discord_oauth.TestDiscordCallback" name="test_callback_missing_code_redirects_to_fail" time="0.022" /><testcase classname="tests.test_discord_oauth.TestDiscordAuthGuards" name="test_discord_me_with_forged_cookie_returns_user" time="0.022" /><testcase classname="tests.test_discord_oauth.TestQuizSubmitWithSession" name="test_quiz_submit_with_wrong_answers_returns_fail" time="0.065" /><testcase classname="tests.test_discord_oauth.TestDiscordAuthGuards" name="test_discord_me_invalid_cookie_returns_401" time="0.024" /><testcase classname="tests.test_discord_oauth.TestDiscordLoginRedirect" name="test_login_redirects_to_discord_oauth" time="0.022" /><testcase classname="tests.test_discord_oauth.TestQuizSubmitWithSession" name="test_quiz_submit_incomplete_answers_returns_422" time="0.022" /><testcase classname="tests.test_discord_oauth.TestDiscordLogout" name="test_logout_clears_cookie" time="0.067" /></testsuite></testsuites>