<?xml version="1.0" encoding="utf-8"?><testsuites name="pytest tests"><testsuite name="pytest" errors="0" failures="0" skipped="0" tests="9" time="1.533" timestamp="2026-09-11T04:58:00.480124+00:00" hostname="agent-env-9d1bac6d-dac9-44fe-8bf5-d2aca234f7b7"><testcase classname="tests.test_brq_api.TestQuizQuestions" name="test_returns_15_questions_with_expected_shape" time="0.355" /><testcase classname="tests.test_brq_api.TestQuizSubmit" name="test_all_correct_passes" time="0.355" /><testcase classname="tests.test_brq_api.TestQuizSubmit" name="test_exactly_8_correct_passes" time="0.062" /><testcase classname="tests.test_brq_api.TestQuizQuestions" name="test_shuffle_between_calls" time="0.123" /><testcase classname="tests.test_brq_api.TestQuizSubmit" name="test_7_correct_fails" time="0.062" /><testcase classname="tests.test_brq_api.TestAdminAuth" name="test_login_success_and_cookie" time="0.303" /><testcase classname="tests.test_brq_api.TestQuizSubmit" name="test_missing_question_returns_422" time="0.305" /><testcase classname="tests.test_brq_api.TestAdminAuth" name="test_login_invalid" time="0.388" /><testcase classname="tests.test_brq_api.TestNewsRemoved" name="test_news_returns_404" time="0.062" /></testsuite></testsuites>