<?xml version="1.0" encoding="utf-8"?><testsuites name="pytest tests"><testsuite name="pytest" errors="0" failures="0" skipped="0" tests="5" time="1.685" timestamp="2026-09-11T05:34:00.532136+00:00" hostname="agent-env-9d1bac6d-dac9-44fe-8bf5-d2aca234f7b7"><testcase classname="tests.test_admin_quiz_results.TestAuthGuard" name="test_unauthenticated_returns_401" time="0.278" /><testcase classname="tests.test_admin_quiz_results.TestListQuizResults" name="test_list_default_returns_expected_shape" time="0.752" /><testcase classname="tests.test_admin_quiz_results.TestListQuizResults" name="test_abu_da7m_real_record_present" time="0.060" /><testcase classname="tests.test_admin_quiz_results.TestQuizSubmitCreatesRecord" name="test_submit_with_wrong_answers_creates_failed_record" time="0.706" /><testcase classname="tests.test_admin_quiz_results.TestListQuizResults" name="test_passed_false_filter_only_failures" time="0.060" /></testsuite></testsuites>